# JRE version: OpenJDK Runtime Environment (8.0_111-b14) (build 1.8.0_111-8u111-b14-2ubuntu0.16.10.2-b14)
# Java VM: OpenJDK 64-Bit Server VM (25.111-b14 mixed mode linux-amd64 compressed oops)
Heap:
 def new generation   total 16768K, used 7620K [0x00000000e0c00000, 0x00000000e1e30000, 0x00000000eb2a0000)
  eden space 14912K,  50% used [0x00000000e0c00000, 0x00000000e135ecf8, 0x00000000e1a90000)
  from space 1856K,   3% used [0x00000000e1a90000, 0x00000000e1aa2458, 0x00000000e1c60000)
  to   space 1856K,   0% used [0x00000000e1c60000, 0x00000000e1c60000, 0x00000000e1e30000)
 tenured generation   total 37056K, used 22428K [0x00000000eb2a0000, 0x00000000ed6d0000, 0x0000000100000000)
   the space 37056K,  60% used [0x00000000eb2a0000, 0x00000000ec887250, 0x00000000ec887400, 0x00000000ed6d0000)
 Metaspace       used 19923K, capacity 20162K, committed 20480K, reserved 1067008K
  class space    used 2131K, capacity 2198K, committed 2304K, reserved 1048576K
GC Heap History (10 events):
Event: 2100.856 GC heap before
{Heap before GC invocations=280 (full 1):
 def new generation   total 16768K, used 14985K [0x00000000e0c00000, 0x00000000e1e30000, 0x00000000eb2a0000)
  eden space 14912K, 100% used [0x00000000e0c00000, 0x00000000e1a90000, 0x00000000e1a90000)
  from space 1856K,   3% used [0x00000000e1c60000, 0x00000000e1c725b8, 0x00000000e1e30000)
  to   space 1856K,   0% used [0x00000000e1a90000, 0x00000000e1a90000, 0x00000000e1c60000)
 tenured generation   total 37056K, used 22428K [0x00000000eb2a0000, 0x00000000ed6d0000, 0x0000000100000000)
   the space 37056K,  60% used [0x00000000eb2a0000, 0x00000000ec8871d0, 0x00000000ec887200, 0x00000000ed6d0000)
 Metaspace       used 19921K, capacity 20162K, committed 20480K, reserved 1067008K
  class space    used 2131K, capacity 2198K, committed 2304K, reserved 1048576K
Event: 2108.298 GC heap after
Heap after GC invocations=281 (full 1):
 def new generation   total 16768K, used 64K [0x00000000e0c00000, 0x00000000e1e30000, 0x00000000eb2a0000)
  eden space 14912K,   0% used [0x00000000e0c00000, 0x00000000e0c00000, 0x00000000e1a90000)
  from space 1856K,   3% used [0x00000000e1a90000, 0x00000000e1aa0298, 0x00000000e1c60000)
  to   space 1856K,   0% used [0x00000000e1c60000, 0x00000000e1c60000, 0x00000000e1e30000)
 tenured generation   total 37056K, used 22428K [0x00000000eb2a0000, 0x00000000ed6d0000, 0x0000000100000000)
   the space 37056K,  60% used [0x00000000eb2a0000, 0x00000000ec8871d0, 0x00000000ec887200, 0x00000000ed6d0000)
 Metaspace       used 19921K, capacity 20162K, committed 20480K, reserved 1067008K
  class space    used 2131K, capacity 2198K, committed 2304K, reserved 1048576K
}
Event: 2142.052 GC heap before
{Heap before GC invocations=281 (full 1):
 def new generation   total 16768K, used 14976K [0x00000000e0c00000, 0x00000000e1e30000, 0x00000000eb2a0000)
  eden space 14912K, 100% used [0x00000000e0c00000, 0x00000000e1a90000, 0x00000000e1a90000)
  from space 1856K,   3% used [0x00000000e1a90000, 0x00000000e1aa0298, 0x00000000e1c60000)
  to   space 1856K,   0% used [0x00000000e1c60000, 0x00000000e1c60000, 0x00000000e1e30000)
 tenured generation   total 37056K, used 22428K [0x00000000eb2a0000, 0x00000000ed6d0000, 0x0000000100000000)
   the space 37056K,  60% used [0x00000000eb2a0000, 0x00000000ec8871d0, 0x00000000ec887200, 0x00000000ed6d0000)
 Metaspace       used 19921K, capacity 20162K, committed 20480K, reserved 1067008K
  class space    used 2131K, capacity 2198K, committed 2304K, reserved 1048576K
Event: 2157.983 GC heap after
Heap after GC invocations=282 (full 1):
 def new generation   total 16768K, used 73K [0x00000000e0c00000, 0x00000000e1e30000, 0x00000000eb2a0000)
  eden space 14912K,   0% used [0x00000000e0c00000, 0x00000000e0c00000, 0x00000000e1a90000)
  from space 1856K,   3% used [0x00000000e1c60000, 0x00000000e1c72538, 0x00000000e1e30000)
  to   space 1856K,   0% used [0x00000000e1a90000, 0x00000000e1a90000, 0x00000000e1c60000)
 tenured generation   total 37056K, used 22428K [0x00000000eb2a0000, 0x00000000ed6d0000, 0x0000000100000000)
   the space 37056K,  60% used [0x00000000eb2a0000, 0x00000000ec8871d0, 0x00000000ec887200, 0x00000000ed6d0000)
 Metaspace       used 19921K, capacity 20162K, committed 20480K, reserved 1067008K
  class space    used 2131K, capacity 2198K, committed 2304K, reserved 1048576K
}
Event: 2191.842 GC heap before
{Heap before GC invocations=282 (full 1):
 def new generation   total 16768K, used 14985K [0x00000000e0c00000, 0x00000000e1e30000, 0x00000000eb2a0000)
  eden space 14912K, 100% used [0x00000000e0c00000, 0x00000000e1a90000, 0x00000000e1a90000)
  from space 1856K,   3% used [0x00000000e1c60000, 0x00000000e1c72538, 0x00000000e1e30000)
  to   space 1856K,   0% used [0x00000000e1a90000, 0x00000000e1a90000, 0x00000000e1c60000)
 tenured generation   total 37056K, used 22428K [0x00000000eb2a0000, 0x00000000ed6d0000, 0x0000000100000000)
   the space 37056K,  60% used [0x00000000eb2a0000, 0x00000000ec8871d0, 0x00000000ec887200, 0x00000000ed6d0000)
 Metaspace       used 19921K, capacity 20162K, committed 20480K, reserved 1067008K
  class space    used 2131K, capacity 2198K, committed 2304K, reserved 1048576K
Event: 2199.963 GC heap after
Heap after GC invocations=283 (full 1):
 def new generation   total 16768K, used 64K [0x00000000e0c00000, 0x00000000e1e30000, 0x00000000eb2a0000)
  eden space 14912K,   0% used [0x00000000e0c00000, 0x00000000e0c00000, 0x00000000e1a90000)
  from space 1856K,   3% used [0x00000000e1a90000, 0x00000000e1aa0330, 0x00000000e1c60000)
  to   space 1856K,   0% used [0x00000000e1c60000, 0x00000000e1c60000, 0x00000000e1e30000)
 tenured generation   total 37056K, used 22428K [0x00000000eb2a0000, 0x00000000ed6d0000, 0x0000000100000000)
   the space 37056K,  60% used [0x00000000eb2a0000, 0x00000000ec8871d0, 0x00000000ec887200, 0x00000000ed6d0000)
 Metaspace       used 19921K, capacity 20162K, committed 20480K, reserved 1067008K
  class space    used 2131K, capacity 2198K, committed 2304K, reserved 1048576K
}
Event: 2231.078 GC heap before
{Heap before GC invocations=283 (full 1):
 def new generation   total 16768K, used 14976K [0x00000000e0c00000, 0x00000000e1e30000, 0x00000000eb2a0000)
  eden space 14912K, 100% used [0x00000000e0c00000, 0x00000000e1a90000, 0x00000000e1a90000)
  from space 1856K,   3% used [0x00000000e1a90000, 0x00000000e1aa0330, 0x00000000e1c60000)
  to   space 1856K,   0% used [0x00000000e1c60000, 0x00000000e1c60000, 0x00000000e1e30000)
 tenured generation   total 37056K, used 22428K [0x00000000eb2a0000, 0x00000000ed6d0000, 0x0000000100000000)
   the space 37056K,  60% used [0x00000000eb2a0000, 0x00000000ec8871d0, 0x00000000ec887200, 0x00000000ed6d0000)
 Metaspace       used 19922K, capacity 20162K, committed 20480K, reserved 1067008K
  class space    used 2131K, capacity 2198K, committed 2304K, reserved 1048576K
Event: 2244.819 GC heap after
Heap after GC invocations=284 (full 1):
 def new generation   total 16768K, used 60K [0x00000000e0c00000, 0x00000000e1e30000, 0x00000000eb2a0000)
  eden space 14912K,   0% used [0x00000000e0c00000, 0x00000000e0c00000, 0x00000000e1a90000)
  from space 1856K,   3% used [0x00000000e1c60000, 0x00000000e1c6f0a0, 0x00000000e1e30000)
  to   space 1856K,   0% used [0x00000000e1a90000, 0x00000000e1a90000, 0x00000000e1c60000)
 tenured generation   total 37056K, used 22428K [0x00000000eb2a0000, 0x00000000ed6d0000, 0x0000000100000000)
   the space 37056K,  60% used [0x00000000eb2a0000, 0x00000000ec887250, 0x00000000ec887400, 0x00000000ed6d0000)
 Metaspace       used 19922K, capacity 20162K, committed 20480K, reserved 1067008K
  class space    used 2131K, capacity 2198K, committed 2304K, reserved 1048576K
}
Event: 2284.004 GC heap before
{Heap before GC invocations=284 (full 1):
 def new generation   total 16768K, used 14922K [0x00000000e0c00000, 0x00000000e1e30000, 0x00000000eb2a0000)
  eden space 14912K,  99% used [0x00000000e0c00000, 0x00000000e1a83790, 0x00000000e1a90000)
  from space 1856K,   3% used [0x00000000e1c60000, 0x00000000e1c6f0a0, 0x00000000e1e30000)
  to   space 1856K,   0% used [0x00000000e1a90000, 0x00000000e1a90000, 0x00000000e1c60000)
 tenured generation   total 37056K, used 22428K [0x00000000eb2a0000, 0x00000000ed6d0000, 0x0000000100000000)
   the space 37056K,  60% used [0x00000000eb2a0000, 0x00000000ec887250, 0x00000000ec887400, 0x00000000ed6d0000)
 Metaspace       used 19923K, capacity 20162K, committed 20480K, reserved 1067008K
  class space    used 2131K, capacity 2198K, committed 2304K, reserved 1048576K
Event: 2285.925 GC heap after
Heap after GC invocations=285 (full 1):
 def new generation   total 16768K, used 73K [0x00000000e0c00000, 0x00000000e1e30000, 0x00000000eb2a0000)
  eden space 14912K,   0% used [0x00000000e0c00000, 0x00000000e0c00000, 0x00000000e1a90000)
  from space 1856K,   3% used [0x00000000e1a90000, 0x00000000e1aa2458, 0x00000000e1c60000)
  to   space 1856K,   0% used [0x00000000e1c60000, 0x00000000e1c60000, 0x00000000e1e30000)
 tenured generation   total 37056K, used 22428K [0x00000000eb2a0000, 0x00000000ed6d0000, 0x0000000100000000)
   the space 37056K,  60% used [0x00000000eb2a0000, 0x00000000ec887250, 0x00000000ec887400, 0x00000000ed6d0000)
 Metaspace       used 19923K, capacity 20162K, committed 20480K, reserved 1067008K
  class space    used 2131K, capacity 2198K, committed 2304K, reserved 1048576K
}

