# JRE version: OpenJDK Runtime Environment (8.0_111-b14) (build 1.8.0_111-8u111-b14-2ubuntu0.16.10.2-b14)
# Java VM: OpenJDK 64-Bit Server VM (25.111-b14 mixed mode linux-amd64 compressed oops)
Heap:
 def new generation   total 16832K, used 5661K [0x00000000e0c00000, 0x00000000e1e40000, 0x00000000eb2a0000)
  eden space 14976K,  37% used [0x00000000e0c00000, 0x00000000e116eb28, 0x00000000e1aa0000)
  from space 1856K,   5% used [0x00000000e1c70000, 0x00000000e1c88c50, 0x00000000e1e40000)
  to   space 1856K,   0% used [0x00000000e1aa0000, 0x00000000e1aa0000, 0x00000000e1c70000)
 tenured generation   total 37176K, used 22527K [0x00000000eb2a0000, 0x00000000ed6ee000, 0x0000000100000000)
   the space 37176K,  60% used [0x00000000eb2a0000, 0x00000000ec89fe40, 0x00000000ec8a0000, 0x00000000ed6ee000)
 Metaspace       used 19905K, capacity 20168K, committed 20480K, reserved 1067008K
  class space    used 2131K, capacity 2199K, committed 2304K, reserved 1048576K
GC Heap History (10 events):
Event: 2102.593 GC heap before
{Heap before GC invocations=284 (full 1):
 def new generation   total 16832K, used 15041K [0x00000000e0c00000, 0x00000000e1e40000, 0x00000000eb2a0000)
  eden space 14976K, 100% used [0x00000000e0c00000, 0x00000000e1aa0000, 0x00000000e1aa0000)
  from space 1856K,   3% used [0x00000000e1aa0000, 0x00000000e1ab05b0, 0x00000000e1c70000)
  to   space 1856K,   0% used [0x00000000e1c70000, 0x00000000e1c70000, 0x00000000e1e40000)
 tenured generation   total 37176K, used 22527K [0x00000000eb2a0000, 0x00000000ed6ee000, 0x0000000100000000)
   the space 37176K,  60% used [0x00000000eb2a0000, 0x00000000ec89fd90, 0x00000000ec89fe00, 0x00000000ed6ee000)
 Metaspace       used 19903K, capacity 20168K, committed 20480K, reserved 1067008K
  class space    used 2131K, capacity 2199K, committed 2304K, reserved 1048576K
Event: 2110.251 GC heap after
Heap after GC invocations=285 (full 1):
 def new generation   total 16832K, used 73K [0x00000000e0c00000, 0x00000000e1e40000, 0x00000000eb2a0000)
  eden space 14976K,   0% used [0x00000000e0c00000, 0x00000000e0c00000, 0x00000000e1aa0000)
  from space 1856K,   3% used [0x00000000e1c70000, 0x00000000e1c825b0, 0x00000000e1e40000)
  to   space 1856K,   0% used [0x00000000e1aa0000, 0x00000000e1aa0000, 0x00000000e1c70000)
 tenured generation   total 37176K, used 22527K [0x00000000eb2a0000, 0x00000000ed6ee000, 0x0000000100000000)
   the space 37176K,  60% used [0x00000000eb2a0000, 0x00000000ec89fe10, 0x00000000ec8a0000, 0x00000000ed6ee000)
 Metaspace       used 19903K, capacity 20168K, committed 20480K, reserved 1067008K
  class space    used 2131K, capacity 2199K, committed 2304K, reserved 1048576K
}
Event: 2139.519 GC heap before
{Heap before GC invocations=285 (full 1):
 def new generation   total 16832K, used 15049K [0x00000000e0c00000, 0x00000000e1e40000, 0x00000000eb2a0000)
  eden space 14976K, 100% used [0x00000000e0c00000, 0x00000000e1aa0000, 0x00000000e1aa0000)
  from space 1856K,   3% used [0x00000000e1c70000, 0x00000000e1c825b0, 0x00000000e1e40000)
  to   space 1856K,   0% used [0x00000000e1aa0000, 0x00000000e1aa0000, 0x00000000e1c70000)
 tenured generation   total 37176K, used 22527K [0x00000000eb2a0000, 0x00000000ed6ee000, 0x0000000100000000)
   the space 37176K,  60% used [0x00000000eb2a0000, 0x00000000ec89fe10, 0x00000000ec8a0000, 0x00000000ed6ee000)
 Metaspace       used 19903K, capacity 20168K, committed 20480K, reserved 1067008K
  class space    used 2131K, capacity 2199K, committed 2304K, reserved 1048576K
Event: 2143.040 GC heap after
Heap after GC invocations=286 (full 1):
 def new generation   total 16832K, used 64K [0x00000000e0c00000, 0x00000000e1e40000, 0x00000000eb2a0000)
  eden space 14976K,   0% used [0x00000000e0c00000, 0x00000000e0c00000, 0x00000000e1aa0000)
  from space 1856K,   3% used [0x00000000e1aa0000, 0x00000000e1ab0308, 0x00000000e1c70000)
  to   space 1856K,   0% used [0x00000000e1c70000, 0x00000000e1c70000, 0x00000000e1e40000)
 tenured generation   total 37176K, used 22527K [0x00000000eb2a0000, 0x00000000ed6ee000, 0x0000000100000000)
   the space 37176K,  60% used [0x00000000eb2a0000, 0x00000000ec89fe10, 0x00000000ec8a0000, 0x00000000ed6ee000)
 Metaspace       used 19903K, capacity 20168K, committed 20480K, reserved 1067008K
  class space    used 2131K, capacity 2199K, committed 2304K, reserved 1048576K
}
Event: 2174.267 GC heap before
{Heap before GC invocations=286 (full 1):
 def new generation   total 16832K, used 15040K [0x00000000e0c00000, 0x00000000e1e40000, 0x00000000eb2a0000)
  eden space 14976K, 100% used [0x00000000e0c00000, 0x00000000e1aa0000, 0x00000000e1aa0000)
  from space 1856K,   3% used [0x00000000e1aa0000, 0x00000000e1ab0308, 0x00000000e1c70000)
  to   space 1856K,   0% used [0x00000000e1c70000, 0x00000000e1c70000, 0x00000000e1e40000)
 tenured generation   total 37176K, used 22527K [0x00000000eb2a0000, 0x00000000ed6ee000, 0x0000000100000000)
   the space 37176K,  60% used [0x00000000eb2a0000, 0x00000000ec89fe10, 0x00000000ec8a0000, 0x00000000ed6ee000)
 Metaspace       used 19903K, capacity 20168K, committed 20480K, reserved 1067008K
  class space    used 2131K, capacity 2199K, committed 2304K, reserved 1048576K
Event: 2177.926 GC heap after
Heap after GC invocations=287 (full 1):
 def new generation   total 16832K, used 63K [0x00000000e0c00000, 0x00000000e1e40000, 0x00000000eb2a0000)
  eden space 14976K,   0% used [0x00000000e0c00000, 0x00000000e0c00000, 0x00000000e1aa0000)
  from space 1856K,   3% used [0x00000000e1c70000, 0x00000000e1c7ffb0, 0x00000000e1e40000)
  to   space 1856K,   0% used [0x00000000e1aa0000, 0x00000000e1aa0000, 0x00000000e1c70000)
 tenured generation   total 37176K, used 22527K [0x00000000eb2a0000, 0x00000000ed6ee000, 0x0000000100000000)
   the space 37176K,  60% used [0x00000000eb2a0000, 0x00000000ec89fe40, 0x00000000ec8a0000, 0x00000000ed6ee000)
 Metaspace       used 19903K, capacity 20168K, committed 20480K, reserved 1067008K
  class space    used 2131K, capacity 2199K, committed 2304K, reserved 1048576K
}
Event: 2214.776 GC heap before
{Heap before GC invocations=287 (full 1):
 def new generation   total 16832K, used 15039K [0x00000000e0c00000, 0x00000000e1e40000, 0x00000000eb2a0000)
  eden space 14976K, 100% used [0x00000000e0c00000, 0x00000000e1aa0000, 0x00000000e1aa0000)
  from space 1856K,   3% used [0x00000000e1c70000, 0x00000000e1c7ffb0, 0x00000000e1e40000)
  to   space 1856K,   0% used [0x00000000e1aa0000, 0x00000000e1aa0000, 0x00000000e1c70000)
 tenured generation   total 37176K, used 22527K [0x00000000eb2a0000, 0x00000000ed6ee000, 0x0000000100000000)
   the space 37176K,  60% used [0x00000000eb2a0000, 0x00000000ec89fe40, 0x00000000ec8a0000, 0x00000000ed6ee000)
 Metaspace       used 19903K, capacity 20168K, committed 20480K, reserved 1067008K
  class space    used 2131K, capacity 2199K, committed 2304K, reserved 1048576K
Event: 2216.889 GC heap after
Heap after GC invocations=288 (full 1):
 def new generation   total 16832K, used 73K [0x00000000e0c00000, 0x00000000e1e40000, 0x00000000eb2a0000)
  eden space 14976K,   0% used [0x00000000e0c00000, 0x00000000e0c00000, 0x00000000e1aa0000)
  from space 1856K,   3% used [0x00000000e1aa0000, 0x00000000e1ab2448, 0x00000000e1c70000)
  to   space 1856K,   0% used [0x00000000e1c70000, 0x00000000e1c70000, 0x00000000e1e40000)
 tenured generation   total 37176K, used 22527K [0x00000000eb2a0000, 0x00000000ed6ee000, 0x0000000100000000)
   the space 37176K,  60% used [0x00000000eb2a0000, 0x00000000ec89fe40, 0x00000000ec8a0000, 0x00000000ed6ee000)
 Metaspace       used 19903K, capacity 20168K, committed 20480K, reserved 1067008K
  class space    used 2131K, capacity 2199K, committed 2304K, reserved 1048576K
}
Event: 2253.108 GC heap before
{Heap before GC invocations=288 (full 1):
 def new generation   total 16832K, used 15049K [0x00000000e0c00000, 0x00000000e1e40000, 0x00000000eb2a0000)
  eden space 14976K, 100% used [0x00000000e0c00000, 0x00000000e1aa0000, 0x00000000e1aa0000)
  from space 1856K,   3% used [0x00000000e1aa0000, 0x00000000e1ab2448, 0x00000000e1c70000)
  to   space 1856K,   0% used [0x00000000e1c70000, 0x00000000e1c70000, 0x00000000e1e40000)
 tenured generation   total 37176K, used 22527K [0x00000000eb2a0000, 0x00000000ed6ee000, 0x0000000100000000)
   the space 37176K,  60% used [0x00000000eb2a0000, 0x00000000ec89fe40, 0x00000000ec8a0000, 0x00000000ed6ee000)
 Metaspace       used 19904K, capacity 20168K, committed 20480K, reserved 1067008K
  class space    used 2131K, capacity 2199K, committed 2304K, reserved 1048576K
Event: 2262.716 GC heap after
Heap after GC invocations=289 (full 1):
 def new generation   total 16832K, used 99K [0x00000000e0c00000, 0x00000000e1e40000, 0x00000000eb2a0000)
  eden space 14976K,   0% used [0x00000000e0c00000, 0x00000000e0c00000, 0x00000000e1aa0000)
  from space 1856K,   5% used [0x00000000e1c70000, 0x00000000e1c88c50, 0x00000000e1e40000)
  to   space 1856K,   0% used [0x00000000e1aa0000, 0x00000000e1aa0000, 0x00000000e1c70000)
 tenured generation   total 37176K, used 22527K [0x00000000eb2a0000, 0x00000000ed6ee000, 0x0000000100000000)
   the space 37176K,  60% used [0x00000000eb2a0000, 0x00000000ec89fe40, 0x00000000ec8a0000, 0x00000000ed6ee000)
 Metaspace       used 19904K, capacity 20168K, committed 20480K, reserved 1067008K
  class space    used 2131K, capacity 2199K, committed 2304K, reserved 1048576K
}

