# JRE version: OpenJDK Runtime Environment (8.0_111-b14) (build 1.8.0_111-8u111-b14-2ubuntu0.16.10.2-b14)
# Java VM: OpenJDK 64-Bit Server VM (25.111-b14 mixed mode linux-amd64 compressed oops)
Heap:
 def new generation   total 9792K, used 5125K [0x00000000e0c00000, 0x00000000e16a0000, 0x00000000eb2a0000)
  eden space 8704K,  57% used [0x00000000e0c00000, 0x00000000e10ed2e0, 0x00000000e1480000)
  from space 1088K,   7% used [0x00000000e1480000, 0x00000000e1494498, 0x00000000e1590000)
  to   space 1088K,   0% used [0x00000000e1590000, 0x00000000e1590000, 0x00000000e16a0000)
 tenured generation   total 21888K, used 5071K [0x00000000eb2a0000, 0x00000000ec800000, 0x0000000100000000)
   the space 21888K,  23% used [0x00000000eb2a0000, 0x00000000eb793e60, 0x00000000eb794000, 0x00000000ec800000)
 Metaspace       used 13068K, capacity 13222K, committed 13568K, reserved 1060864K
  class space    used 1456K, capacity 1509K, committed 1536K, reserved 1048576K
GC Heap History (10 events):
Event: 1.451 GC heap before
{Heap before GC invocations=1 (full 0):
 def new generation   total 9792K, used 9792K [0x00000000e0c00000, 0x00000000e16a0000, 0x00000000eb2a0000)
  eden space 8704K, 100% used [0x00000000e0c00000, 0x00000000e1480000, 0x00000000e1480000)
  from space 1088K, 100% used [0x00000000e1590000, 0x00000000e16a0000, 0x00000000e16a0000)
  to   space 1088K,   0% used [0x00000000e1480000, 0x00000000e1480000, 0x00000000e1590000)
 tenured generation   total 21888K, used 936K [0x00000000eb2a0000, 0x00000000ec800000, 0x0000000100000000)
   the space 21888K,   4% used [0x00000000eb2a0000, 0x00000000eb38a270, 0x00000000eb38a400, 0x00000000ec800000)
 Metaspace       used 6943K, capacity 7136K, committed 7424K, reserved 1056768K
  class space    used 710K, capacity 720K, committed 768K, reserved 1048576K
Event: 1.455 GC heap after
Heap after GC invocations=2 (full 0):
 def new generation   total 9792K, used 1088K [0x00000000e0c00000, 0x00000000e16a0000, 0x00000000eb2a0000)
  eden space 8704K,   0% used [0x00000000e0c00000, 0x00000000e0c00000, 0x00000000e1480000)
  from space 1088K, 100% used [0x00000000e1480000, 0x00000000e1590000, 0x00000000e1590000)
  to   space 1088K,   0% used [0x00000000e1590000, 0x00000000e1590000, 0x00000000e16a0000)
 tenured generation   total 21888K, used 2184K [0x00000000eb2a0000, 0x00000000ec800000, 0x0000000100000000)
   the space 21888K,   9% used [0x00000000eb2a0000, 0x00000000eb4c2030, 0x00000000eb4c2200, 0x00000000ec800000)
 Metaspace       used 6943K, capacity 7136K, committed 7424K, reserved 1056768K
  class space    used 710K, capacity 720K, committed 768K, reserved 1048576K
}
Event: 2.098 GC heap before
{Heap before GC invocations=2 (full 0):
 def new generation   total 9792K, used 9792K [0x00000000e0c00000, 0x00000000e16a0000, 0x00000000eb2a0000)
  eden space 8704K, 100% used [0x00000000e0c00000, 0x00000000e1480000, 0x00000000e1480000)
  from space 1088K, 100% used [0x00000000e1480000, 0x00000000e1590000, 0x00000000e1590000)
  to   space 1088K,   0% used [0x00000000e1590000, 0x00000000e1590000, 0x00000000e16a0000)
 tenured generation   total 21888K, used 2184K [0x00000000eb2a0000, 0x00000000ec800000, 0x0000000100000000)
   the space 21888K,   9% used [0x00000000eb2a0000, 0x00000000eb4c2030, 0x00000000eb4c2200, 0x00000000ec800000)
 Metaspace       used 9764K, capacity 9932K, committed 10112K, reserved 1058816K
  class space    used 1052K, capacity 1116K, committed 1152K, reserved 1048576K
Event: 2.101 GC heap after
Heap after GC invocations=3 (full 0):
 def new generation   total 9792K, used 1088K [0x00000000e0c00000, 0x00000000e16a0000, 0x00000000eb2a0000)
  eden space 8704K,   0% used [0x00000000e0c00000, 0x00000000e0c00000, 0x00000000e1480000)
  from space 1088K, 100% used [0x00000000e1590000, 0x00000000e16a0000, 0x00000000e16a0000)
  to   space 1088K,   0% used [0x00000000e1480000, 0x00000000e1480000, 0x00000000e1590000)
 tenured generation   total 21888K, used 2649K [0x00000000eb2a0000, 0x00000000ec800000, 0x0000000100000000)
   the space 21888K,  12% used [0x00000000eb2a0000, 0x00000000eb536590, 0x00000000eb536600, 0x00000000ec800000)
 Metaspace       used 9764K, capacity 9932K, committed 10112K, reserved 1058816K
  class space    used 1052K, capacity 1116K, committed 1152K, reserved 1048576K
}
Event: 27.607 GC heap before
{Heap before GC invocations=3 (full 0):
 def new generation   total 9792K, used 9792K [0x00000000e0c00000, 0x00000000e16a0000, 0x00000000eb2a0000)
  eden space 8704K, 100% used [0x00000000e0c00000, 0x00000000e1480000, 0x00000000e1480000)
  from space 1088K, 100% used [0x00000000e1590000, 0x00000000e16a0000, 0x00000000e16a0000)
  to   space 1088K,   0% used [0x00000000e1480000, 0x00000000e1480000, 0x00000000e1590000)
 tenured generation   total 21888K, used 2649K [0x00000000eb2a0000, 0x00000000ec800000, 0x0000000100000000)
   the space 21888K,  12% used [0x00000000eb2a0000, 0x00000000eb536590, 0x00000000eb536600, 0x00000000ec800000)
 Metaspace       used 11533K, capacity 11696K, committed 11904K, reserved 1060864K
  class space    used 1270K, capacity 1342K, committed 1408K, reserved 1048576K
Event: 27.611 GC heap after
Heap after GC invocations=4 (full 0):
 def new generation   total 9792K, used 1088K [0x00000000e0c00000, 0x00000000e16a0000, 0x00000000eb2a0000)
  eden space 8704K,   0% used [0x00000000e0c00000, 0x00000000e0c00000, 0x00000000e1480000)
  from space 1088K, 100% used [0x00000000e1480000, 0x00000000e1590000, 0x00000000e1590000)
  to   space 1088K,   0% used [0x00000000e1590000, 0x00000000e1590000, 0x00000000e16a0000)
 tenured generation   total 21888K, used 3665K [0x00000000eb2a0000, 0x00000000ec800000, 0x0000000100000000)
   the space 21888K,  16% used [0x00000000eb2a0000, 0x00000000eb634670, 0x00000000eb634800, 0x00000000ec800000)
 Metaspace       used 11533K, capacity 11696K, committed 11904K, reserved 1060864K
  class space    used 1270K, capacity 1342K, committed 1408K, reserved 1048576K
}
Event: 82.328 GC heap before
{Heap before GC invocations=4 (full 0):
 def new generation   total 9792K, used 9792K [0x00000000e0c00000, 0x00000000e16a0000, 0x00000000eb2a0000)
  eden space 8704K, 100% used [0x00000000e0c00000, 0x00000000e1480000, 0x00000000e1480000)
  from space 1088K, 100% used [0x00000000e1480000, 0x00000000e1590000, 0x00000000e1590000)
  to   space 1088K,   0% used [0x00000000e1590000, 0x00000000e1590000, 0x00000000e16a0000)
 tenured generation   total 21888K, used 3665K [0x00000000eb2a0000, 0x00000000ec800000, 0x0000000100000000)
   the space 21888K,  16% used [0x00000000eb2a0000, 0x00000000eb634670, 0x00000000eb634800, 0x00000000ec800000)
 Metaspace       used 12910K, capacity 13030K, committed 13312K, reserved 1060864K
  class space    used 1455K, capacity 1509K, committed 1536K, reserved 1048576K
Event: 82.371 GC heap after
Heap after GC invocations=5 (full 0):
 def new generation   total 9792K, used 1087K [0x00000000e0c00000, 0x00000000e16a0000, 0x00000000eb2a0000)
  eden space 8704K,   0% used [0x00000000e0c00000, 0x00000000e0c00000, 0x00000000e1480000)
  from space 1088K,  99% used [0x00000000e1590000, 0x00000000e169fff8, 0x00000000e16a0000)
  to   space 1088K,   0% used [0x00000000e1480000, 0x00000000e1480000, 0x00000000e1590000)
 tenured generation   total 21888K, used 4507K [0x00000000eb2a0000, 0x00000000ec800000, 0x0000000100000000)
   the space 21888K,  20% used [0x00000000eb2a0000, 0x00000000eb706d30, 0x00000000eb706e00, 0x00000000ec800000)
 Metaspace       used 12910K, capacity 13030K, committed 13312K, reserved 1060864K
  class space    used 1455K, capacity 1509K, committed 1536K, reserved 1048576K
}
Event: 1004.494 GC heap before
{Heap before GC invocations=5 (full 0):
 def new generation   total 9792K, used 9781K [0x00000000e0c00000, 0x00000000e16a0000, 0x00000000eb2a0000)
  eden space 8704K,  99% used [0x00000000e0c00000, 0x00000000e147d640, 0x00000000e1480000)
  from space 1088K,  99% used [0x00000000e1590000, 0x00000000e169fff8, 0x00000000e16a0000)
  to   space 1088K,   0% used [0x00000000e1480000, 0x00000000e1480000, 0x00000000e1590000)
 tenured generation   total 21888K, used 4507K [0x00000000eb2a0000, 0x00000000ec800000, 0x0000000100000000)
   the space 21888K,  20% used [0x00000000eb2a0000, 0x00000000eb706d30, 0x00000000eb706e00, 0x00000000ec800000)
 Metaspace       used 13054K, capacity 13158K, committed 13312K, reserved 1060864K
  class space    used 1456K, capacity 1509K, committed 1536K, reserved 1048576K
Event: 1004.536 GC heap after
Heap after GC invocations=6 (full 0):
 def new generation   total 9792K, used 81K [0x00000000e0c00000, 0x00000000e16a0000, 0x00000000eb2a0000)
  eden space 8704K,   0% used [0x00000000e0c00000, 0x00000000e0c00000, 0x00000000e1480000)
  from space 1088K,   7% used [0x00000000e1480000, 0x00000000e1494498, 0x00000000e1590000)
  to   space 1088K,   0% used [0x00000000e1590000, 0x00000000e1590000, 0x00000000e16a0000)
 tenured generation   total 21888K, used 5071K [0x00000000eb2a0000, 0x00000000ec800000, 0x0000000100000000)
   the space 21888K,  23% used [0x00000000eb2a0000, 0x00000000eb793e60, 0x00000000eb794000, 0x00000000ec800000)
 Metaspace       used 13054K, capacity 13158K, committed 13312K, reserved 1060864K
  class space    used 1456K, capacity 1509K, committed 1536K, reserved 1048576K
}

